[nq] ملف التقدّم: /workspace/data/runs/live_progress_demo/progress.log
[nq] ========== بدء: الخط الموحّد MBO → تقرير ==========
[nq] عدد الخطوات المتوقعة: 9
[nq] كل عملية تُطبع سطرًا بسطر — راقب progress.log أو stderr
[nq] → [1/9] تهيئة الحتمية + تحميل MBO — mode=nq_only · features=streaming · ssl=tick · max_rows=25000 ...
[nq]     - seed_everything(20260719)
[nq]     - تحميل NQ
[nq]     - قراءة ملف MBO: /workspace/data/raw/nq_20250102_5h.parquet
[nq]     - قُرئ الخام: 14,231,730 صف × 16 عمود
[nq]     - تطبيع Databento / التحقق من MBO_SCHEMA / ترتيب سببي
[nq]     - قص max_rows=25,000 (من 14,231,730)
[nq]     - وضع nq_only — تكرار NQ كـ MNQ
[nq]   · NQ=25,000 صف · MNQ=25,000 صف (nq_only)
[nq]   ✓ انتهى: تهيئة الحتمية + تحميل MBO (6m19.0s)
[nq] → [2/9] بناء الميزات (streaming state-machine) — NQ=25,000 · MNQ=25,000 · interval_ns=1000000000 ...
[nq]     - streaming: استدعاء build_tick_stream
[nq]     - دمج NQ+MNQ وترتيب سببي (NQ=25,000 · MNQ=25,000)
[nq]     - بدء آلة الحالة حدث-بحدث: 50,000 حدث
[nq]   … tick_stream 5,000/50,000 ( 10.0%) · 591/s · مرّ 8.5s · متبقي ~1m16.1s
[nq]   … tick_stream 10,000/50,000 ( 20.0%) · 316/s · مرّ 31.7s · متبقي ~2m06.7s
[nq]   … tick_stream 15,000/50,000 ( 30.0%) · 213/s · مرّ 1m10.3s · متبقي ~2m43.9s
[nq]   … tick_stream 20,000/50,000 ( 40.0%) · 166/s · مرّ 2m00.7s · متبقي ~3m01.1s
[nq]   … tick_stream 25,000/50,000 ( 50.0%) · 139/s · مرّ 3m00.2s · متبقي ~3m00.2s
[nq]   … tick_stream 30,000/50,000 ( 60.0%) · 119/s · مرّ 4m13.0s · متبقي ~2m48.7s
[nq]   … tick_stream 35,000/50,000 ( 70.0%) · 100/s · مرّ 5m51.4s · متبقي ~2m30.6s
[nq]   … tick_stream 40,000/50,000 ( 80.0%) · 87/s · مرّ 7m41.5s · متبقي ~1m55.4s
[nq]   … tick_stream 45,000/50,000 ( 90.0%) · 74/s · مرّ 10m07.4s · متبقي ~1m07.5s
[nq]   … tick_stream 50,000/50,000 (100.0%) · 64/s · مرّ 12m58.4s · متبقي ~0s
[nq]     - تجميع DataFrame من 50,000 صف tick
[nq]     - اكتمل tick_stream: 50,000 صف
[nq]     - streaming: تحويل أسعار/عوائد من 50,000 حدث
[nq]     - عيّنة بحثية على interval_ns=1000000000 من 50,000 حدث
[nq]     - إضافة أعمدة الجلسة — عيّنة=45 صف
[nq]   · إطار الميزات الأساسي: 45 صف × 46 عمود
[nq]   ✓ انتهى: بناء الميزات (streaming state-machine) (12m58.6s)
[nq] → [3/9] إلحاق Failed FVG (asof خلفي) ...
[nq]     - failed_fvg_features + join_asof backward
[nq]     - بعد FVG: 45 صف
[nq]   ✓ انتهى: إلحاق Failed FVG (asof خلفي) (3ms)
[nq] → [4/9] إلحاق Volume Profile / Auction (asof خلفي) ...
[nq]     - auction_signal_frame + join_asof backward
[nq]     - بعد Auction/VP: 45 صف
[nq]   · إشارات الفرز: 15 · ssl_mode=tick · parallel_m9=True
[nq]   ✓ انتهى: إلحاق Volume Profile / Auction (asof خلفي) (8ms)
[nq] → [5/9] تشغيل SSL ‖ M9 بالتوازي — mode=tick ...
[nq]   · M9 يعمل في الخلفية
[nq]   · SSL يبدأ الآن (mode=tick)
[nq]     - استدعاء run_ssl_tick_pipeline
[nq]     - SSL-tick: بناء tick_stream للتمثيلات
[nq]     - دمج NQ+MNQ وترتيب سببي (NQ=25,000 · MNQ=25,000)
[nq]     - بدء آلة الحالة حدث-بحدث: 50,000 حدث
[nq]   … tick_stream 5,000/50,000 ( 10.0%) · 368/s · مرّ 13.6s · متبقي ~2m02.4s
[nq]   … tick_stream 10,000/50,000 ( 20.0%) · 279/s · مرّ 35.8s · متبقي ~2m23.2s
[nq]   … tick_stream 15,000/50,000 ( 30.0%) · 205/s · مرّ 1m13.0s · متبقي ~2m50.3s
[nq]   … tick_stream 20,000/50,000 ( 40.0%) · 163/s · مرّ 2m02.5s · متبقي ~3m03.7s
[nq]   … tick_stream 25,000/50,000 ( 50.0%) · 139/s · مرّ 3m00.3s · متبقي ~3m00.3s
[nq]   … tick_stream 30,000/50,000 ( 60.0%) · 119/s · مرّ 4m11.8s · متبقي ~2m47.9s
[nq]   … tick_stream 35,000/50,000 ( 70.0%) · 100/s · مرّ 5m48.7s · متبقي ~2m29.4s
[nq]   … tick_stream 40,000/50,000 ( 80.0%) · 87/s · مرّ 7m37.3s · متبقي ~1m54.3s
[nq]   … tick_stream 45,000/50,000 ( 90.0%) · 75/s · مرّ 10m01.0s · متبقي ~1m06.8s
[nq]   … tick_stream 50,000/50,000 (100.0%) · 65/s · مرّ 12m50.0s · متبقي ~0s
[nq]     - تجميع DataFrame من 50,000 صف tick
[nq]     - اكتمل tick_stream: 50,000 صف
[nq]     - SSL-tick: بناء نوافذ window=5 من 50,000 حدث
[nq]     - SSL-tick: walk-forward 3 طيّات · sequences=49,996
[nq]     - SSL-tick fold 1/3 (train=10,690 · test=12,499)
[nq]     - SSL-tick fold 2/3 (train=17,178 · test=12,499)
[nq]     - SSL-tick fold 3/3 (train=26,934 · test=12,499)
[nq]   · SSL انتهى — metrics=3
[nq]   ✓ انتهى: تشغيل SSL ‖ M9 بالتوازي (12m55.7s)
[nq] → [6/9] اكتشاف الألفا (intraday) — signals=15 ...
[nq]     - تقييم إشارات: ['nq_delta', 'mnq_delta', 'trap_setup', 'phase_balance', 'phase_expansion', 'in_value_area', 'near_vah', 'poc_dist_norm', 'session_phase', 'fail_fvg', 'vp_balance', 'vp_imbalance', 'vp_expansion', 'vp_close_in_value', 'vp_flip_to_imbalance']
[nq]     - ألفا انتهى — evals=15 · selected=[]
[nq]   ✓ انتهى: اكتشاف الألفا (intraday) (513ms)
[nq] → [7/9] انتظار نتيجة M9 ...
[nq] ✗ فشل في الخطوة: انتظار نتيجة M9 (LinAlgError: Singular matrix) [خطوة 0ms | إجمالي 32m13.7s]
[nq] ========== توقف بخطأ: الخط الموحّد MBO → تقرير ==========
Traceback (most recent call last):
  File "/workspace/scripts/run_week.py", line 99, in <module>
    main()
  File "/workspace/scripts/run_week.py", line 89, in main
    result = run_research_pipeline(
             ^^^^^^^^^^^^^^^^^^^^^^
  File "/workspace/src/nq/research/orchestrator.py", line 659, in run_research_pipeline
    ssl_result, coverage_result, alpha_result, unified = run_ssl_research_pipeline(
                                                         ^^^^^^^^^^^^^^^^^^^^^^^^^^
  File "/workspace/src/nq/research/orchestrator.py", line 444, in run_ssl_research_pipeline
    coverage_result = coverage_future.result()
                      ^^^^^^^^^^^^^^^^^^^^^^^^
  File "/usr/lib/python3.12/concurrent/futures/_base.py", line 449, in result
    return self.__get_result()
           ^^^^^^^^^^^^^^^^^^^
  File "/usr/lib/python3.12/concurrent/futures/_base.py", line 401, in __get_result
    raise self._exception
  File "/usr/lib/python3.12/concurrent/futures/thread.py", line 58, in run
    result = self.fn(*self.args, **self.kwargs)
             ^^^^^^^^^^^^^^^^^^^^^^^^^^^^^^^^^^
  File "/workspace/src/nq/research/orchestrator.py", line 190, in _run_coverage_task
    return run_coverage_on_features(
           ^^^^^^^^^^^^^^^^^^^^^^^^^
  File "/workspace/src/nq/coverage/monitor.py", line 130, in run_coverage_on_features
    results = run_all_metrics(
              ^^^^^^^^^^^^^^^^
  File "/workspace/src/nq/coverage/metrics.py", line 683, in run_all_metrics
    measure_qduf(
  File "/workspace/src/nq/coverage/metrics.py", line 557, in measure_qduf
    r2_feat = _ridge_r2(feat_mat[train_idx], y_train, feat_mat[test_idx], y_test)
              ^^^^^^^^^^^^^^^^^^^^^^^^^^^^^^^^^^^^^^^^^^^^^^^^^^^^^^^^^^^^^^^^^^^
  File "/workspace/src/nq/coverage/metrics.py", line 90, in _ridge_r2
    predictor.fit(x_train, ytr)
  File "/workspace/src/nq/models/world_model.py", line 60, in fit
    self.coef_ = np.asarray(np.linalg.solve(xb.T @ xb + reg, xb.T @ yb), dtype=np.float64)
                            ^^^^^^^^^^^^^^^^^^^^^^^^^^^^^^^^^^^^^^^^^^^
  File "/usr/local/lib/python3.12/dist-packages/numpy/linalg/_linalg.py", line 452, in solve
    r = gufunc(a, b, signature=signature)
        ^^^^^^^^^^^^^^^^^^^^^^^^^^^^^^^^^
  File "/usr/local/lib/python3.12/dist-packages/numpy/linalg/_linalg.py", line 145, in _raise_linalgerror_singular
    raise LinAlgError("Singular matrix")
numpy.linalg.LinAlgError: Singular matrix
